
> build-storybook
> storybook build --output-dir=/var/folders/s3/l11sqhy93vx3nfhc6p_8_pkw0000gn/T/chromatic--78764-TpZFccyXTbzq

[1m@storybook/core v8.6.11
[22m
info => Cleaning outputDir: [36m../../../../var/folders/s3/l11sqhy93vx3nfhc6p_8_pkw0000gn/T/chromatic--78764-TpZFccyXTbzq[39m
info => Loading presets
info => Building manager..
info => Manager built ([38;2;181;126;229m63 ms[39m)
info => Building preview..
WARN No story files found for the specified pattern: [34msrc/**/*.mdx[39m
[36mvite v6.2.3 [32mbuilding for production...[36m[39m
transforming...
[32m✓[39m 115 modules transformed.
rendering chunks...
computing gzip size...
[2m../../../../var/folders/s3/l11sqhy93vx3nfhc6p_8_pkw0000gn/T/chromatic--78764-TpZFccyXTbzq/[22m[32miframe.html                               [39m[1m[2m 17.75 kB[22m[1m[22m[2m │ gzip:   5.00 kB[22m
[2m../../../../var/folders/s3/l11sqhy93vx3nfhc6p_8_pkw0000gn/T/chromatic--78764-TpZFccyXTbzq/[22m[2massets/[22m[35mAvatar-BNa22zsD.css                [39m[1m[2m  0.52 kB[22m[1m[22m[2m │ gzip:   0.27 kB[22m
[2m../../../../var/folders/s3/l11sqhy93vx3nfhc6p_8_pkw0000gn/T/chromatic--78764-TpZFccyXTbzq/[22m[2massets/[22m[35mAlert-BLEjeIgm.css                 [39m[1m[2m  0.61 kB[22m[1m[22m[2m │ gzip:   0.27 kB[22m
[2m../../../../var/folders/s3/l11sqhy93vx3nfhc6p_8_pkw0000gn/T/chromatic--78764-TpZFccyXTbzq/[22m[2massets/[22m[35mButton-CWh4Aff-.css                [39m[1m[2m  0.72 kB[22m[1m[22m[2m │ gzip:   0.29 kB[22m
[2m../../../../var/folders/s3/l11sqhy93vx3nfhc6p_8_pkw0000gn/T/chromatic--78764-TpZFccyXTbzq/[22m[2massets/[22m[35mDatePicker-CM6hzY95.css            [39m[1m[2m  0.89 kB[22m[1m[22m[2m │ gzip:   0.41 kB[22m
[2m../../../../var/folders/s3/l11sqhy93vx3nfhc6p_8_pkw0000gn/T/chromatic--78764-TpZFccyXTbzq/[22m[2massets/[22m[36mpreview-Ct-KdeRG.js                [39m[1m[2m  0.16 kB[22m[1m[22m[2m │ gzip:   0.16 kB[22m
[2m../../../../var/folders/s3/l11sqhy93vx3nfhc6p_8_pkw0000gn/T/chromatic--78764-TpZFccyXTbzq/[22m[2massets/[22m[36mpreview-BxDibn8l.js                [39m[1m[2m  0.18 kB[22m[1m[22m[2m │ gzip:   0.16 kB[22m
[2m../../../../var/folders/s3/l11sqhy93vx3nfhc6p_8_pkw0000gn/T/chromatic--78764-TpZFccyXTbzq/[22m[2massets/[22m[36mpreview-CvbIS5ZJ.js                [39m[1m[2m  0.18 kB[22m[1m[22m[2m │ gzip:   0.16 kB[22m
[2m../../../../var/folders/s3/l11sqhy93vx3nfhc6p_8_pkw0000gn/T/chromatic--78764-TpZFccyXTbzq/[22m[2massets/[22m[36mindex-CdGsxv5d.js                  [39m[1m[2m  0.42 kB[22m[1m[22m[2m │ gzip:   0.27 kB[22m
[2m../../../../var/folders/s3/l11sqhy93vx3nfhc6p_8_pkw0000gn/T/chromatic--78764-TpZFccyXTbzq/[22m[2massets/[22m[36mpreview-DHQbi4pV.js                [39m[1m[2m  0.61 kB[22m[1m[22m[2m │ gzip:   0.42 kB[22m
[2m../../../../var/folders/s3/l11sqhy93vx3nfhc6p_8_pkw0000gn/T/chromatic--78764-TpZFccyXTbzq/[22m[2massets/[22m[36mchunk-XP5HYGXS-BpfKkqn7.js         [39m[1m[2m  0.71 kB[22m[1m[22m[2m │ gzip:   0.40 kB[22m
[2m../../../../var/folders/s3/l11sqhy93vx3nfhc6p_8_pkw0000gn/T/chromatic--78764-TpZFccyXTbzq/[22m[2massets/[22m[36mpreview-DGUiP6tS.js                [39m[1m[2m  0.71 kB[22m[1m[22m[2m │ gzip:   0.49 kB[22m
[2m../../../../var/folders/s3/l11sqhy93vx3nfhc6p_8_pkw0000gn/T/chromatic--78764-TpZFccyXTbzq/[22m[2massets/[22m[36mindex-DrFu-skq.js                  [39m[1m[2m  0.77 kB[22m[1m[22m[2m │ gzip:   0.47 kB[22m
[2m../../../../var/folders/s3/l11sqhy93vx3nfhc6p_8_pkw0000gn/T/chromatic--78764-TpZFccyXTbzq/[22m[2massets/[22m[36mpreview-awZ2L8eq.js                [39m[1m[2m  0.84 kB[22m[1m[22m[2m │ gzip:   0.53 kB[22m
[2m../../../../var/folders/s3/l11sqhy93vx3nfhc6p_8_pkw0000gn/T/chromatic--78764-TpZFccyXTbzq/[22m[2massets/[22m[36mtest-utils-DzIO0rsg.js             [39m[1m[2m  1.12 kB[22m[1m[22m[2m │ gzip:   0.69 kB[22m
[2m../../../../var/folders/s3/l11sqhy93vx3nfhc6p_8_pkw0000gn/T/chromatic--78764-TpZFccyXTbzq/[22m[2massets/[22m[36mAvatar.stories-Nl3lC05F.js         [39m[1m[2m  2.41 kB[22m[1m[22m[2m │ gzip:   0.89 kB[22m
[2m../../../../var/folders/s3/l11sqhy93vx3nfhc6p_8_pkw0000gn/T/chromatic--78764-TpZFccyXTbzq/[22m[2massets/[22m[36mDatePicker.stories-Bmcq3-ad.js     [39m[1m[2m  3.06 kB[22m[1m[22m[2m │ gzip:   1.11 kB[22m
[2m../../../../var/folders/s3/l11sqhy93vx3nfhc6p_8_pkw0000gn/T/chromatic--78764-TpZFccyXTbzq/[22m[2massets/[22m[36mButton.stories-C9qcrMfQ.js         [39m[1m[2m  3.08 kB[22m[1m[22m[2m │ gzip:   1.02 kB[22m
[2m../../../../var/folders/s3/l11sqhy93vx3nfhc6p_8_pkw0000gn/T/chromatic--78764-TpZFccyXTbzq/[22m[2massets/[22m[36mAlert.stories-BqOZ1NBQ.js          [39m[1m[2m  3.25 kB[22m[1m[22m[2m │ gzip:   1.06 kB[22m
[2m../../../../var/folders/s3/l11sqhy93vx3nfhc6p_8_pkw0000gn/T/chromatic--78764-TpZFccyXTbzq/[22m[2massets/[22m[36mpreview-DD_OYowb.js                [39m[1m[2m  3.51 kB[22m[1m[22m[2m │ gzip:   1.69 kB[22m
[2m../../../../var/folders/s3/l11sqhy93vx3nfhc6p_8_pkw0000gn/T/chromatic--78764-TpZFccyXTbzq/[22m[2massets/[22m[36mpreview-B8lJiyuQ.js                [39m[1m[2m  5.06 kB[22m[1m[22m[2m │ gzip:   1.89 kB[22m
[2m../../../../var/folders/s3/l11sqhy93vx3nfhc6p_8_pkw0000gn/T/chromatic--78764-TpZFccyXTbzq/[22m[2massets/[22m[36mpreview-BWzBA1C2.js                [39m[1m[2m  7.62 kB[22m[1m[22m[2m │ gzip:   1.57 kB[22m
[2m../../../../var/folders/s3/l11sqhy93vx3nfhc6p_8_pkw0000gn/T/chromatic--78764-TpZFccyXTbzq/[22m[2massets/[22m[36mpreview-BBWR9nbA.js                [39m[1m[2m  8.12 kB[22m[1m[22m[2m │ gzip:   3.08 kB[22m
[2m../../../../var/folders/s3/l11sqhy93vx3nfhc6p_8_pkw0000gn/T/chromatic--78764-TpZFccyXTbzq/[22m[2massets/[22m[36mindex-BCtMShv3.js                  [39m[1m[2m  8.29 kB[22m[1m[22m[2m │ gzip:   3.23 kB[22m
[2m../../../../var/folders/s3/l11sqhy93vx3nfhc6p_8_pkw0000gn/T/chromatic--78764-TpZFccyXTbzq/[22m[2massets/[22m[36mColor-YHDXOIA2-DTM9vugT.js         [39m[1m[2m 29.28 kB[22m[1m[22m[2m │ gzip:  10.90 kB[22m
[2m../../../../var/folders/s3/l11sqhy93vx3nfhc6p_8_pkw0000gn/T/chromatic--78764-TpZFccyXTbzq/[22m[2massets/[22m[36mentry-preview-sxJ_f2ou.js          [39m[1m[2m 29.75 kB[22m[1m[22m[2m │ gzip:   9.47 kB[22m
[2m../../../../var/folders/s3/l11sqhy93vx3nfhc6p_8_pkw0000gn/T/chromatic--78764-TpZFccyXTbzq/[22m[2massets/[22m[36mindex-CXQShRbs.js                  [39m[1m[2m 53.73 kB[22m[1m[22m[2m │ gzip:  15.49 kB[22m
[2m../../../../var/folders/s3/l11sqhy93vx3nfhc6p_8_pkw0000gn/T/chromatic--78764-TpZFccyXTbzq/[22m[2massets/[22m[36mreact-18-BQxdrocs.js               [39m[1m[2m177.43 kB[22m[1m[22m[2m │ gzip:  56.10 kB[22m
[2m../../../../var/folders/s3/l11sqhy93vx3nfhc6p_8_pkw0000gn/T/chromatic--78764-TpZFccyXTbzq/[22m[2massets/[22m[36miframe-BBNvc5He.js                 [39m[1m[2m212.46 kB[22m[1m[22m[2m │ gzip:  71.31 kB[22m
[2m../../../../var/folders/s3/l11sqhy93vx3nfhc6p_8_pkw0000gn/T/chromatic--78764-TpZFccyXTbzq/[22m[2massets/[22m[36mentry-preview-docs-Q3FQ5Cun.js     [39m[1m[2m247.07 kB[22m[1m[22m[2m │ gzip:  72.53 kB[22m
[2m../../../../var/folders/s3/l11sqhy93vx3nfhc6p_8_pkw0000gn/T/chromatic--78764-TpZFccyXTbzq/[22m[2massets/[22m[36mindex-Domkg0jQ.js                  [39m[1m[33m662.13 kB[39m[22m[2m │ gzip: 156.10 kB[22m
[2m../../../../var/folders/s3/l11sqhy93vx3nfhc6p_8_pkw0000gn/T/chromatic--78764-TpZFccyXTbzq/[22m[2massets/[22m[36mDocsRenderer-CFRXHY34-kj_DInaM.js  [39m[1m[33m883.61 kB[39m[22m[2m │ gzip: 272.92 kB[22m
[32m✓ built in 2.03s[39m
info => Preview built ([38;2;181;126;229m2.41 s[39m)
info => Output directory: /var/folders/s3/l11sqhy93vx3nfhc6p_8_pkw0000gn/T/chromatic--78764-TpZFccyXTbzq
